2020-07-01 00:00:04.546  INFO 12844 --- [Thread-344] o.s.s.concurrent.ThreadPoolTaskExecutor  : Shutting down ExecutorService 'applicationTaskExecutor'
2020-07-01 00:00:04.548  INFO 12844 --- [Thread-344] com.zaxxer.hikari.HikariDataSource       : HikariPool-3 - Shutdown initiated...
2020-07-01 00:00:04.561  INFO 12844 --- [Thread-344] com.zaxxer.hikari.HikariDataSource       : HikariPool-3 - Shutdown completed.
2020-07-01 00:00:04.615  INFO 12844 --- [restartedMain] c.dbgeneration.DbgenerationApplication   : Starting DbgenerationApplication on DESKTOP-HJ7PCU1 with PID 12844 (E:\Workspace\06.Projects\dbgeneration\target\classes started by msi in E:\Workspace\06.Projects\dbgeneration)
2020-07-01 00:00:04.616  INFO 12844 --- [restartedMain] c.dbgeneration.DbgenerationApplication   : No active profile set, falling back to default profiles: default
2020-07-01 00:00:04.786  INFO 12844 --- [restartedMain] trationDelegate$BeanPostProcessorChecker : Bean 'org.springframework.ws.config.annotation.DelegatingWsConfiguration' of type [org.springframework.ws.config.annotation.DelegatingWsConfiguration$$EnhancerBySpringCGLIB$$ac454f19] is not eligible for getting processed by all BeanPostProcessors (for example: not eligible for auto-proxying)
2020-07-01 00:00:04.787  INFO 12844 --- [restartedMain] .w.s.a.s.AnnotationActionEndpointMapping : Supporting [WS-Addressing August 2004, WS-Addressing 1.0]
2020-07-01 00:00:04.817  INFO 12844 --- [restartedMain] o.s.b.w.embedded.tomcat.TomcatWebServer  : Tomcat initialized with port(s): 8080 (http)
2020-07-01 00:00:04.817  INFO 12844 --- [restartedMain] o.apache.catalina.core.StandardService   : Starting service [Tomcat]
2020-07-01 00:00:04.818  INFO 12844 --- [restartedMain] org.apache.catalina.core.StandardEngine  : Starting Servlet engine: [Apache Tomcat/9.0.36]
2020-07-01 00:00:04.834  INFO 12844 --- [restartedMain] o.a.c.c.C.[Tomcat].[localhost].[/]       : Initializing Spring embedded WebApplicationContext
2020-07-01 00:00:04.835  INFO 12844 --- [restartedMain] w.s.c.ServletWebServerApplicationContext : Root WebApplicationContext: initialization completed in 218 ms
2020-07-01 00:00:04.848  INFO 12844 --- [restartedMain] com.zaxxer.hikari.HikariDataSource       : HikariPool-4 - Starting...
2020-07-01 00:00:04.873  INFO 12844 --- [restartedMain] com.zaxxer.hikari.HikariDataSource       : HikariPool-4 - Start completed.
2020-07-01 00:00:04.874  INFO 12844 --- [restartedMain] o.s.b.a.h2.H2ConsoleAutoConfiguration    : H2 console available at '/h2-console'. Database available at 'jdbc:mysql://localhost:3306/sakila'
2020-07-01 00:00:04.917  INFO 12844 --- [restartedMain] o.s.s.concurrent.ThreadPoolTaskExecutor  : Initializing ExecutorService 'applicationTaskExecutor'
2020-07-01 00:00:04.969  INFO 12844 --- [restartedMain] o.s.b.d.a.OptionalLiveReloadServer       : LiveReload server is running on port 35729
2020-07-01 00:00:04.979  INFO 12844 --- [restartedMain] o.s.b.w.embedded.tomcat.TomcatWebServer  : Tomcat started on port(s): 8080 (http) with context path ''
2020-07-01 00:00:04.982  INFO 12844 --- [restartedMain] c.dbgeneration.DbgenerationApplication   : Started DbgenerationApplication in 0.387 seconds (JVM running for 94.038)
2020-07-01 00:00:04.983  INFO 12844 --- [restartedMain] .ConditionEvaluationDeltaLoggingListener : Condition evaluation unchanged
2020-07-01 00:00:12.461  INFO 12844 --- [http-nio-8080-exec-1] o.a.c.c.C.[Tomcat].[localhost].[/]       : Initializing Spring DispatcherServlet 'dispatcherServlet'
2020-07-01 00:00:12.463  INFO 12844 --- [http-nio-8080-exec-1] o.s.web.servlet.DispatcherServlet        : Initializing Servlet 'dispatcherServlet'
2020-07-01 00:00:12.465  INFO 12844 --- [http-nio-8080-exec-1] o.s.web.servlet.DispatcherServlet        : Completed initialization in 2 ms
2020-07-01 00:00:45.640  INFO 12844 --- [Thread-514] o.s.s.concurrent.ThreadPoolTaskExecutor  : Shutting down ExecutorService 'applicationTaskExecutor'
2020-07-01 00:00:45.640  INFO 12844 --- [Thread-514] com.zaxxer.hikari.HikariDataSource       : HikariPool-4 - Shutdown initiated...
2020-07-01 00:00:45.648  INFO 12844 --- [Thread-514] com.zaxxer.hikari.HikariDataSource       : HikariPool-4 - Shutdown completed.
2020-07-01 00:00:45.701  INFO 12844 --- [restartedMain] c.dbgeneration.DbgenerationApplication   : Starting DbgenerationApplication on DESKTOP-HJ7PCU1 with PID 12844 (E:\Workspace\06.Projects\dbgeneration\target\classes started by msi in E:\Workspace\06.Projects\dbgeneration)
2020-07-01 00:00:45.701  INFO 12844 --- [restartedMain] c.dbgeneration.DbgenerationApplication   : No active profile set, falling back to default profiles: default
2020-07-01 00:00:45.860  INFO 12844 --- [restartedMain] trationDelegate$BeanPostProcessorChecker : Bean 'org.springframework.ws.config.annotation.DelegatingWsConfiguration' of type [org.springframework.ws.config.annotation.DelegatingWsConfiguration$$EnhancerBySpringCGLIB$$ac454f19] is not eligible for getting processed by all BeanPostProcessors (for example: not eligible for auto-proxying)
2020-07-01 00:00:45.861  INFO 12844 --- [restartedMain] .w.s.a.s.AnnotationActionEndpointMapping : Supporting [WS-Addressing August 2004, WS-Addressing 1.0]
2020-07-01 00:00:45.890  INFO 12844 --- [restartedMain] o.s.b.w.embedded.tomcat.TomcatWebServer  : Tomcat initialized with port(s): 8080 (http)
2020-07-01 00:00:45.891  INFO 12844 --- [restartedMain] o.apache.catalina.core.StandardService   : Starting service [Tomcat]
2020-07-01 00:00:45.891  INFO 12844 --- [restartedMain] org.apache.catalina.core.StandardEngine  : Starting Servlet engine: [Apache Tomcat/9.0.36]
2020-07-01 00:00:45.908  INFO 12844 --- [restartedMain] o.a.c.c.C.[Tomcat].[localhost].[/]       : Initializing Spring embedded WebApplicationContext
2020-07-01 00:00:45.908  INFO 12844 --- [restartedMain] w.s.c.ServletWebServerApplicationContext : Root WebApplicationContext: initialization completed in 205 ms
2020-07-01 00:00:45.920  INFO 12844 --- [restartedMain] com.zaxxer.hikari.HikariDataSource       : HikariPool-5 - Starting...
2020-07-01 00:00:45.946  INFO 12844 --- [restartedMain] com.zaxxer.hikari.HikariDataSource       : HikariPool-5 - Start completed.
2020-07-01 00:00:45.947  INFO 12844 --- [restartedMain] o.s.b.a.h2.H2ConsoleAutoConfiguration    : H2 console available at '/h2-console'. Database available at 'jdbc:mysql://localhost:3306/sakila'
2020-07-01 00:00:45.981  INFO 12844 --- [restartedMain] o.s.s.concurrent.ThreadPoolTaskExecutor  : Initializing ExecutorService 'applicationTaskExecutor'
2020-07-01 00:00:46.028  INFO 12844 --- [restartedMain] o.s.b.d.a.OptionalLiveReloadServer       : LiveReload server is running on port 35729
2020-07-01 00:00:46.037  INFO 12844 --- [restartedMain] o.s.b.w.embedded.tomcat.TomcatWebServer  : Tomcat started on port(s): 8080 (http) with context path ''
2020-07-01 00:00:46.040  INFO 12844 --- [restartedMain] c.dbgeneration.DbgenerationApplication   : Started DbgenerationApplication in 0.359 seconds (JVM running for 135.095)
2020-07-01 00:00:46.041  INFO 12844 --- [restartedMain] .ConditionEvaluationDeltaLoggingListener : Condition evaluation unchanged
2020-07-01 00:00:46.197  INFO 12844 --- [RMI TCP Connection(2)-127.0.0.1] inMXBeanRegistrar$SpringApplicationAdmin : Application shutdown requested.
2020-07-01 00:00:46.369  INFO 12844 --- [RMI TCP Connection(2)-127.0.0.1] o.s.s.concurrent.ThreadPoolTaskExecutor  : Shutting down ExecutorService 'applicationTaskExecutor'
2020-07-01 00:00:46.369  INFO 12844 --- [RMI TCP Connection(2)-127.0.0.1] com.zaxxer.hikari.HikariDataSource       : HikariPool-5 - Shutdown initiated...
2020-07-01 00:00:46.376  INFO 12844 --- [RMI TCP Connection(2)-127.0.0.1] com.zaxxer.hikari.HikariDataSource       : HikariPool-5 - Shutdown completed.
2020-07-01 00:00:51.408  INFO 16560 --- [restartedMain] DbgenerationApplication                  : Starting DbgenerationApplication on DESKTOP-HJ7PCU1 with PID 16560 (E:\Workspace\06.Projects\dbgeneration\target\classes started by msi in E:\Workspace\06.Projects\dbgeneration)
2020-07-01 00:00:51.410  INFO 16560 --- [restartedMain] DbgenerationApplication                  : No active profile set, falling back to default profiles: default
2020-07-01 00:00:51.448  INFO 16560 --- [restartedMain] o.s.b.devtools.restart.ChangeableUrls    : The Class-Path manifest attribute in C:\Users\msi\.m2\repository\com\oracle\ojdbc\ojdbc8\19.3.0.0\ojdbc8-19.3.0.0.jar referenced one or more files that do not exist: file:/C:/Users/msi/.m2/repository/com/oracle/ojdbc/ojdbc8/19.3.0.0/oraclepki.jar
2020-07-01 00:00:51.449  INFO 16560 --- [restartedMain] o.s.b.devtools.restart.ChangeableUrls    : The Class-Path manifest attribute in C:\Users\msi\.m2\repository\com\oracle\ojdbc\oraclepki\19.3.0.0\oraclepki-19.3.0.0.jar referenced one or more files that do not exist: file:/C:/Users/msi/.m2/repository/com/oracle/ojdbc/oraclepki/19.3.0.0/osdt_core.jar,file:/C:/Users/msi/.m2/repository/com/oracle/ojdbc/oraclepki/19.3.0.0/osdt_cert.jar,file:/C:/Users/msi/.m2/repository/com/oracle/ojdbc/oraclepki/oracle.osdt/osdt_core.jar,file:/C:/Users/msi/.m2/repository/com/oracle/ojdbc/oraclepki/oracle.osdt/osdt_cert.jar
2020-07-01 00:00:51.449  INFO 16560 --- [restartedMain] o.s.b.devtools.restart.ChangeableUrls    : The Class-Path manifest attribute in C:\Users\msi\.m2\repository\org\apache\derby\derby\10.14.2.0\derby-10.14.2.0.jar referenced one or more files that do not exist: file:/C:/Users/msi/.m2/repository/org/apache/derby/derby/10.14.2.0/derbyLocale_cs.jar,file:/C:/Users/msi/.m2/repository/org/apache/derby/derby/10.14.2.0/derbyLocale_de_DE.jar,file:/C:/Users/msi/.m2/repository/org/apache/derby/derby/10.14.2.0/derbyLocale_es.jar,file:/C:/Users/msi/.m2/repository/org/apache/derby/derby/10.14.2.0/derbyLocale_fr.jar,file:/C:/Users/msi/.m2/repository/org/apache/derby/derby/10.14.2.0/derbyLocale_hu.jar,file:/C:/Users/msi/.m2/repository/org/apache/derby/derby/10.14.2.0/derbyLocale_it.jar,file:/C:/Users/msi/.m2/repository/org/apache/derby/derby/10.14.2.0/derbyLocale_ja_JP.jar,file:/C:/Users/msi/.m2/repository/org/apache/derby/derby/10.14.2.0/derbyLocale_ko_KR.jar,file:/C:/Users/msi/.m2/repository/org/apache/derby/derby/10.14.2.0/derbyLocale_pl.jar,file:/C:/Users/msi/.m2/repository/org/apache/derby/derby/10.14.2.0/derbyLocale_pt_BR.jar,file:/C:/Users/msi/.m2/repository/org/apache/derby/derby/10.14.2.0/derbyLocale_ru.jar,file:/C:/Users/msi/.m2/repository/org/apache/derby/derby/10.14.2.0/derbyLocale_zh_CN.jar,file:/C:/Users/msi/.m2/repository/org/apache/derby/derby/10.14.2.0/derbyLocale_zh_TW.jar
2020-07-01 00:00:51.449  INFO 16560 --- [restartedMain] o.s.b.devtools.restart.ChangeableUrls    : The Class-Path manifest attribute in C:\Users\msi\.m2\repository\msv\msv\20020414\msv-20020414.jar referenced one or more files that do not exist: file:/C:/Users/msi/.m2/repository/msv/msv/20020414/xerces.jar,file:/C:/Users/msi/.m2/repository/msv/msv/20020414/isorelax.jar,file:/C:/Users/msi/.m2/repository/msv/msv/20020414/relaxngDatatype.jar,file:/C:/Users/msi/.m2/repository/msv/msv/20020414/xsdlib.jar
2020-07-01 00:00:51.449  INFO 16560 --- [restartedMain] .e.DevToolsPropertyDefaultsPostProcessor : Devtools property defaults active! Set 'spring.devtools.add-properties' to 'false' to disable
2020-07-01 00:00:51.450  INFO 16560 --- [restartedMain] .e.DevToolsPropertyDefaultsPostProcessor : For additional web related logging consider setting the 'logging.level.web' property to 'DEBUG'
2020-07-01 00:00:51.461  WARN 16560 --- [restartedMain] ionWarningsApplicationContextInitializer : 

** WARNING ** : Your ApplicationContext is unlikely to start due to a @ComponentScan of the default package.


2020-07-01 00:00:59.280  WARN 16560 --- [restartedMain] ConfigServletWebServerApplicationContext : Exception encountered during context initialization - cancelling refresh attempt: org.springframework.beans.factory.BeanDefinitionStoreException: Failed to parse configuration class [DbgenerationApplication]; nested exception is java.lang.IllegalArgumentException: Unresolvable class definition for class [org.springframework.boot.autoconfigure.web.reactive.WebFluxAutoConfiguration$EnableWebFluxConfiguration]
2020-07-01 00:00:59.286  INFO 16560 --- [restartedMain] ConditionEvaluationReportLoggingListener : 

Error starting ApplicationContext. To display the conditions report re-run your application with 'debug' enabled.
2020-07-01 00:00:59.296 ERROR 16560 --- [restartedMain] o.s.boot.SpringApplication               : Application run failed

org.springframework.beans.factory.BeanDefinitionStoreException: Failed to parse configuration class [DbgenerationApplication]; nested exception is java.lang.IllegalArgumentException: Unresolvable class definition for class [org.springframework.boot.autoconfigure.web.reactive.WebFluxAutoConfiguration$EnableWebFluxConfiguration]
	at org.springframework.context.annotation.ConfigurationClassParser.parse(ConfigurationClassParser.java:188) ~[spring-context-5.2.7.RELEASE.jar:5.2.7.RELEASE]
	at org.springframework.context.annotation.ConfigurationClassPostProcessor.processConfigBeanDefinitions(ConfigurationClassPostProcessor.java:319) ~[spring-context-5.2.7.RELEASE.jar:5.2.7.RELEASE]
	at org.springframework.context.annotation.ConfigurationClassPostProcessor.postProcessBeanDefinitionRegistry(ConfigurationClassPostProcessor.java:236) ~[spring-context-5.2.7.RELEASE.jar:5.2.7.RELEASE]
	at org.springframework.context.support.PostProcessorRegistrationDelegate.invokeBeanDefinitionRegistryPostProcessors(PostProcessorRegistrationDelegate.java:280) ~[spring-context-5.2.7.RELEASE.jar:5.2.7.RELEASE]
	at org.springframework.context.support.PostProcessorRegistrationDelegate.invokeBeanFactoryPostProcessors(PostProcessorRegistrationDelegate.java:96) ~[spring-context-5.2.7.RELEASE.jar:5.2.7.RELEASE]
	at org.springframework.context.support.AbstractApplicationContext.invokeBeanFactoryPostProcessors(AbstractApplicationContext.java:707) ~[spring-context-5.2.7.RELEASE.jar:5.2.7.RELEASE]
	at org.springframework.context.support.AbstractApplicationContext.refresh(AbstractApplicationContext.java:533) ~[spring-context-5.2.7.RELEASE.jar:5.2.7.RELEASE]
	at org.springframework.boot.web.servlet.context.ServletWebServerApplicationContext.refresh(ServletWebServerApplicationContext.java:143) ~[spring-boot-2.3.2.BUILD-SNAPSHOT.jar:2.3.2.BUILD-SNAPSHOT]
	at org.springframework.boot.SpringApplication.refresh(SpringApplication.java:758) ~[spring-boot-2.3.2.BUILD-SNAPSHOT.jar:2.3.2.BUILD-SNAPSHOT]
	at org.springframework.boot.SpringApplication.refresh(SpringApplication.java:750) ~[spring-boot-2.3.2.BUILD-SNAPSHOT.jar:2.3.2.BUILD-SNAPSHOT]
	at org.springframework.boot.SpringApplication.refreshContext(SpringApplication.java:397) ~[spring-boot-2.3.2.BUILD-SNAPSHOT.jar:2.3.2.BUILD-SNAPSHOT]
	at org.springframework.boot.SpringApplication.run(SpringApplication.java:315) ~[spring-boot-2.3.2.BUILD-SNAPSHOT.jar:2.3.2.BUILD-SNAPSHOT]
	at org.springframework.boot.SpringApplication.run(SpringApplication.java:1237) ~[spring-boot-2.3.2.BUILD-SNAPSHOT.jar:2.3.2.BUILD-SNAPSHOT]
	at org.springframework.boot.SpringApplication.run(SpringApplication.java:1226) ~[spring-boot-2.3.2.BUILD-SNAPSHOT.jar:2.3.2.BUILD-SNAPSHOT]
	at DbgenerationApplication.main(DbgenerationApplication.java:10) ~[classes/:na]
	at java.base/jdk.internal.reflect.NativeMethodAccessorImpl.invoke0(Native Method) ~[na:na]
	at java.base/jdk.internal.reflect.NativeMethodAccessorImpl.invoke(NativeMethodAccessorImpl.java:62) ~[na:na]
	at java.base/jdk.internal.reflect.DelegatingMethodAccessorImpl.invoke(DelegatingMethodAccessorImpl.java:43) ~[na:na]
	at java.base/java.lang.reflect.Method.invoke(Method.java:566) ~[na:na]
	at org.springframework.boot.devtools.restart.RestartLauncher.run(RestartLauncher.java:49) ~[spring-boot-devtools-2.3.2.BUILD-SNAPSHOT.jar:2.3.2.BUILD-SNAPSHOT]
Caused by: java.lang.IllegalArgumentException: Unresolvable class definition for class [org.springframework.boot.autoconfigure.web.reactive.WebFluxAutoConfiguration$EnableWebFluxConfiguration]
	at org.springframework.util.ClassUtils.resolveClassName(ClassUtils.java:331) ~[spring-core-5.2.7.RELEASE.jar:5.2.7.RELEASE]
	at org.springframework.core.annotation.TypeMappedAnnotation.adapt(TypeMappedAnnotation.java:446) ~[spring-core-5.2.7.RELEASE.jar:5.2.7.RELEASE]
	at org.springframework.core.annotation.TypeMappedAnnotation.getValue(TypeMappedAnnotation.java:369) ~[spring-core-5.2.7.RELEASE.jar:5.2.7.RELEASE]
	at org.springframework.core.annotation.TypeMappedAnnotation.asMap(TypeMappedAnnotation.java:284) ~[spring-core-5.2.7.RELEASE.jar:5.2.7.RELEASE]
	at org.springframework.core.annotation.AbstractMergedAnnotation.asAnnotationAttributes(AbstractMergedAnnotation.java:193) ~[spring-core-5.2.7.RELEASE.jar:5.2.7.RELEASE]
	at org.springframework.core.type.AnnotatedTypeMetadata.getAnnotationAttributes(AnnotatedTypeMetadata.java:106) ~[spring-core-5.2.7.RELEASE.jar:5.2.7.RELEASE]
	at org.springframework.context.annotation.AnnotationConfigUtils.attributesFor(AnnotationConfigUtils.java:285) ~[spring-context-5.2.7.RELEASE.jar:5.2.7.RELEASE]
	at org.springframework.context.annotation.AnnotationBeanNameGenerator.determineBeanNameFromAnnotation(AnnotationBeanNameGenerator.java:102) ~[spring-context-5.2.7.RELEASE.jar:5.2.7.RELEASE]
	at org.springframework.context.annotation.AnnotationBeanNameGenerator.generateBeanName(AnnotationBeanNameGenerator.java:81) ~[spring-context-5.2.7.RELEASE.jar:5.2.7.RELEASE]
	at org.springframework.context.annotation.ClassPathBeanDefinitionScanner.doScan(ClassPathBeanDefinitionScanner.java:280) ~[spring-context-5.2.7.RELEASE.jar:5.2.7.RELEASE]
	at org.springframework.context.annotation.ComponentScanAnnotationParser.parse(ComponentScanAnnotationParser.java:132) ~[spring-context-5.2.7.RELEASE.jar:5.2.7.RELEASE]
	at org.springframework.context.annotation.ConfigurationClassParser.doProcessConfigurationClass(ConfigurationClassParser.java:295) ~[spring-context-5.2.7.RELEASE.jar:5.2.7.RELEASE]
	at org.springframework.context.annotation.ConfigurationClassParser.processConfigurationClass(ConfigurationClassParser.java:249) ~[spring-context-5.2.7.RELEASE.jar:5.2.7.RELEASE]
	at org.springframework.context.annotation.ConfigurationClassParser.parse(ConfigurationClassParser.java:206) ~[spring-context-5.2.7.RELEASE.jar:5.2.7.RELEASE]
	at org.springframework.context.annotation.ConfigurationClassParser.parse(ConfigurationClassParser.java:174) ~[spring-context-5.2.7.RELEASE.jar:5.2.7.RELEASE]
	... 19 common frames omitted
Caused by: java.lang.NoClassDefFoundError: org/springframework/web/reactive/config/DelegatingWebFluxConfiguration
	at java.base/java.lang.ClassLoader.defineClass1(Native Method) ~[na:na]
	at java.base/java.lang.ClassLoader.defineClass(ClassLoader.java:1016) ~[na:na]
	at java.base/java.security.SecureClassLoader.defineClass(SecureClassLoader.java:174) ~[na:na]
	at java.base/jdk.internal.loader.BuiltinClassLoader.defineClass(BuiltinClassLoader.java:801) ~[na:na]
	at java.base/jdk.internal.loader.BuiltinClassLoader.findClassOnClassPathOrNull(BuiltinClassLoader.java:699) ~[na:na]
	at java.base/jdk.internal.loader.BuiltinClassLoader.loadClassOrNull(BuiltinClassLoader.java:622) ~[na:na]
	at java.base/jdk.internal.loader.BuiltinClassLoader.loadClass(BuiltinClassLoader.java:580) ~[na:na]
	at java.base/jdk.internal.loader.ClassLoaders$AppClassLoader.loadClass(ClassLoaders.java:178) ~[na:na]
	at java.base/java.lang.ClassLoader.loadClass(ClassLoader.java:521) ~[na:na]
	at java.base/java.lang.Class.forName0(Native Method) ~[na:na]
	at java.base/java.lang.Class.forName(Class.java:398) ~[na:na]
	at org.springframework.boot.devtools.restart.classloader.RestartClassLoader.loadClass(RestartClassLoader.java:144) ~[spring-boot-devtools-2.3.2.BUILD-SNAPSHOT.jar:2.3.2.BUILD-SNAPSHOT]
	at java.base/java.lang.ClassLoader.loadClass(ClassLoader.java:521) ~[na:na]
	at java.base/java.lang.Class.forName0(Native Method) ~[na:na]
	at java.base/java.lang.Class.forName(Class.java:398) ~[na:na]
	at org.springframework.util.ClassUtils.forName(ClassUtils.java:284) ~[spring-core-5.2.7.RELEASE.jar:5.2.7.RELEASE]
	at org.springframework.util.ClassUtils.resolveClassName(ClassUtils.java:324) ~[spring-core-5.2.7.RELEASE.jar:5.2.7.RELEASE]
	... 33 common frames omitted
Caused by: java.lang.ClassNotFoundException: org.springframework.web.reactive.config.DelegatingWebFluxConfiguration
	at java.base/jdk.internal.loader.BuiltinClassLoader.loadClass(BuiltinClassLoader.java:582) ~[na:na]
	at java.base/jdk.internal.loader.ClassLoaders$AppClassLoader.loadClass(ClassLoaders.java:178) ~[na:na]
	at java.base/java.lang.ClassLoader.loadClass(ClassLoader.java:521) ~[na:na]
	... 50 common frames omitted

